Running Gradle task 'assembleRelease'...                        
flutter : 
At line:1 char:1
+ flutter build apk 2>&1 | Out-File 
-Encoding utf8 build_log_v5.txt
+ ~~~~~~~~~~~~~~~~~~~~~~
    + CategoryInfo          : NotSpecifi 
   ed: (:String) [], RemoteException
    + FullyQualifiedErrorId : NativeComm 
   andError
 
FAILURE: Build failed with an exception.

* What went wrong:
Execution failed for task 
':app:checkReleaseAarMetadata'.
> A failure occurred while executing com.
android.build.gradle.internal.tasks.Check
AarMetadataWorkAction
   > An issue was found when checking 
AAR metadata:

       1.  Dependency 
':flutter_local_notifications' requires 
desugar_jdk_libs version to be
           2.1.4 or above for :app, 
which is currently 2.0.4

           See https://d.android.com/stud
io/build/library-desugaring for more
           details.

* Try:
> Run with --stacktrace option to get 
the stack trace.
> Run with --info or --debug option to 
get more log output.
> Run with --scan to get full insights.
> Get more help at 
https://help.gradle.org.

BUILD FAILED in 7s
Running Gradle task 'assembleRelease'...                            8.4s
Gradle task assembleRelease failed with 
exit code 1
